Using pre-set license
Built from '2020.3/staging' branch; Version is '2020.3.26f1 (7298b473bc1a) revision 7510196'; Using compiler version '192528614'; Build Type 'Release'
OS: 'Windows 10  (10.0.19044) 64bit Core' Language: 'en' Physical Memory: 16311 MB
BatchMode: 1, IsHumanControllingUs: 0, StartBugReporterOnCrash: 0, Is64bit: 1, IsPro: 0

COMMAND LINE ARGUMENTS:
C:\Program Files\Unity\Hub\Editor\2020.3.26f1\Editor\Unity.exe
-adb2
-batchMode
-noUpm
-name
AssetImportWorker0
-projectPath
C:/Users/Dillon/Documents/GitHub/Unity-Repository---COMM-496/Assignment 3
-logFile
Logs/AssetImportWorker0.log
-srvPort
60176
Successfully changed project path to: C:/Users/Dillon/Documents/GitHub/Unity-Repository---COMM-496/Assignment 3
C:/Users/Dillon/Documents/GitHub/Unity-Repository---COMM-496/Assignment 3
Using Asset Import Pipeline V2.
Refreshing native plugins compatible for Editor in 36.80 ms, found 2 plugins.
Preloading 0 native plugins for Editor in 0.00 ms.
Initialize engine version: 2020.3.26f1 (7298b473bc1a)
[Subsystems] Discovering subsystems at path C:/Program Files/Unity/Hub/Editor/2020.3.26f1/Editor/Data/Resources/UnitySubsystems
[Subsystems] Discovering subsystems at path C:/Users/Dillon/Documents/GitHub/Unity-Repository---COMM-496/Assignment 3/Assets
GfxDevice: creating device client; threaded=0
Direct3D:
    Version:  Direct3D 11.0 [level 11.1]
    Renderer: AMD Radeon RX 5700 XT (ID=0x731f)
    Vendor:   
    VRAM:     8151 MB
    Driver:   30.0.14011.3017
Initialize mono
Mono path[0] = 'C:/Program Files/Unity/Hub/Editor/2020.3.26f1/Editor/Data/Managed'
Mono path[1] = 'C:/Program Files/Unity/Hub/Editor/2020.3.26f1/Editor/Data/MonoBleedingEdge/lib/mono/unityjit'
Mono config path = 'C:/Program Files/Unity/Hub/Editor/2020.3.26f1/Editor/Data/MonoBleedingEdge/etc'
Using monoOptions --debugger-agent=transport=dt_socket,embedding=1,server=y,suspend=n,address=127.0.0.1:56872
Begin MonoManager ReloadAssembly
Registering precompiled unity dll's ...
Register platform support module: C:/Program Files/Unity/Hub/Editor/2020.3.26f1/Editor/Data/PlaybackEngines/WebGLSupport/UnityEditor.WebGL.Extensions.dll
Register platform support module: C:/Program Files/Unity/Hub/Editor/2020.3.26f1/Editor/Data/PlaybackEngines/MacStandaloneSupport/UnityEditor.OSXStandalone.Extensions.dll
Register platform support module: C:/Program Files/Unity/Hub/Editor/2020.3.26f1/Editor/Data/PlaybackEngines/WindowsStandaloneSupport/UnityEditor.WindowsStandalone.Extensions.dll
Registered in 0.002145 seconds.
Native extension for WindowsStandalone target not found
Native extension for OSXStandalone target not found
Native extension for WebGL target not found
Refreshing native plugins compatible for Editor in 36.45 ms, found 2 plugins.
Preloading 0 native plugins for Editor in 0.00 ms.
Mono: successfully reloaded assembly
- Completed reload, in  0.469 seconds
Domain Reload Profiling:
	ReloadAssembly (469ms)
		BeginReloadAssembly (43ms)
			ExecutionOrderSort (0ms)
			DisableScriptedObjects (0ms)
			BackupInstance (0ms)
			ReleaseScriptingObjects (0ms)
			CreateAndSetChildDomain (1ms)
		EndReloadAssembly (363ms)
			LoadAssemblies (41ms)
			RebuildTransferFunctionScriptingTraits (0ms)
			SetupTypeCache (120ms)
			ReleaseScriptCaches (0ms)
			RebuildScriptCaches (24ms)
			SetupLoadedEditorAssemblies (138ms)
				LogAssemblyErrors (0ms)
				InitializePlatformSupportModulesInManaged (5ms)
				SetLoadedEditorAssemblies (0ms)
				RefreshPlugins (37ms)
				BeforeProcessingInitializeOnLoad (7ms)
				ProcessInitializeOnLoadAttributes (68ms)
				ProcessInitializeOnLoadMethodAttributes (22ms)
				AfterProcessingInitializeOnLoad (0ms)
				EditorAssembliesLoaded (0ms)
			ExecutionOrderSort2 (0ms)
			AwakeInstancesAfterBackupRestoration (0ms)
Platform modules already initialized, skipping
Registering precompiled user dll's ...
Registered in 0.003526 seconds.
Begin MonoManager ReloadAssembly
Native extension for WindowsStandalone target not found
Native extension for OSXStandalone target not found
Native extension for WebGL target not found
Refreshing native plugins compatible for Editor in 36.94 ms, found 2 plugins.
Preloading 0 native plugins for Editor in 0.00 ms.
Mono: successfully reloaded assembly
- Completed reload, in  1.113 seconds
Domain Reload Profiling:
	ReloadAssembly (1113ms)
		BeginReloadAssembly (121ms)
			ExecutionOrderSort (0ms)
			DisableScriptedObjects (4ms)
			BackupInstance (0ms)
			ReleaseScriptingObjects (0ms)
			CreateAndSetChildDomain (14ms)
		EndReloadAssembly (937ms)
			LoadAssemblies (70ms)
			RebuildTransferFunctionScriptingTraits (0ms)
			SetupTypeCache (234ms)
			ReleaseScriptCaches (0ms)
			RebuildScriptCaches (38ms)
			SetupLoadedEditorAssemblies (498ms)
				LogAssemblyErrors (0ms)
				InitializePlatformSupportModulesInManaged (4ms)
				SetLoadedEditorAssemblies (0ms)
				RefreshPlugins (37ms)
				BeforeProcessingInitializeOnLoad (57ms)
				ProcessInitializeOnLoadAttributes (387ms)
				ProcessInitializeOnLoadMethodAttributes (7ms)
				AfterProcessingInitializeOnLoad (5ms)
				EditorAssembliesLoaded (0ms)
			ExecutionOrderSort2 (0ms)
			AwakeInstancesAfterBackupRestoration (5ms)
Platform modules already initialized, skipping
========================================================================
Worker process is ready to serve import requests
Launched and connected shader compiler UnityShaderCompiler.exe after 0.04 seconds
Refreshing native plugins compatible for Editor in 0.41 ms, found 2 plugins.
Preloading 0 native plugins for Editor in 0.00 ms.
Unloading 2085 Unused Serialized files (Serialized files now loaded: 0)
System memory in use before: 110.3 MB.
System memory in use after: 110.2 MB.

Unloading 31 unused Assets to reduce memory usage. Loaded Objects now: 2543.
Total: 2.722200 ms (FindLiveObjects: 0.144400 ms CreateObjectMapping: 0.044600 ms MarkObjects: 2.373900 ms  DeleteObjects: 0.158600 ms)

AssetImportParameters requested are different than current active one (requested -> active):
  custom:framework-win-MediaFoundation: 216162199b28c13a410421893ffa2e32 -> 
  custom:video-decoder-ogg-theora: a1e56fd34408186e4bbccfd4996cb3dc -> 
  custom:container-muxer-webm: aa71ff27fc2769a1b78a27578f13a17b -> 
  custom:container-demuxer-webm: 4f35f7cbe854078d1ac9338744f61a02 -> 
  custom:container-demuxer-ogg: 62fdf1f143b41e24485cea50d1cbac27 -> 
  custom:video-encoder-webm-vp8: eb34c28f22e8b96e1ab97ce403110664 -> 
  custom:video-decoder-webm-vp8: 9c59270c3fd7afecdb556c50c9e8de78 -> 
  custom:audio-decoder-ogg-vorbis: bf7c407c2cedff20999df2af8eb42d56 -> 
  custom:audio-encoder-webm-vorbis: bf7c407c2cedff20999df2af8eb42d56 -> 
========================================================================
Received Import Request.
  path: Assets/Ground textures pack/Grass 01/preview.jpg
  artifactKey: Guid(c70f0b4ce904a324c8c6dbe6d66251e6) Importer(815301076,1909f56bfc062723c751e8b465ee728b)
Start importing Assets/Ground textures pack/Grass 01/preview.jpg using Guid(c70f0b4ce904a324c8c6dbe6d66251e6) Importer(815301076,1909f56bfc062723c751e8b465ee728b)  -> (artifact id: '43f6391bd0bcdbab9a255935f61e9d95') in 0.074579 seconds 
  Import took 0.077455 seconds .

========================================================================
Received Import Request.
  Time since last request: 0.014447 seconds.
  path: Assets/Ground textures pack/Grass & rocks/normal.tga
  artifactKey: Guid(e5895469fa6440e4a876bf0672599e59) Importer(815301076,1909f56bfc062723c751e8b465ee728b)
Start importing Assets/Ground textures pack/Grass & rocks/normal.tga using Guid(e5895469fa6440e4a876bf0672599e59) Importer(815301076,1909f56bfc062723c751e8b465ee728b)  -> (artifact id: '2a1e0444b22a1be3e75f59c0d22cb0f6') in 0.038316 seconds 
  Import took 0.041153 seconds .

========================================================================
Received Import Request.
  Time since last request: 0.012650 seconds.
  path: Assets/Ground textures pack/Lava/normal.tga
  artifactKey: Guid(d9327a0e08e4ab54284a5f31a7e7db5a) Importer(815301076,1909f56bfc062723c751e8b465ee728b)
Start importing Assets/Ground textures pack/Lava/normal.tga using Guid(d9327a0e08e4ab54284a5f31a7e7db5a) Importer(815301076,1909f56bfc062723c751e8b465ee728b)  -> (artifact id: '8743227ac25524dafba45ab2e1d3f888') in 0.013721 seconds 
  Import took 0.016770 seconds .

========================================================================
Received Import Request.
  Time since last request: 0.005620 seconds.
  path: Assets/Ground textures pack/Ground 02/Ground pattern 02.mat
  artifactKey: Guid(36508c771463abf43b7135d9539897e7) Importer(815301076,1909f56bfc062723c751e8b465ee728b)
Start importing Assets/Ground textures pack/Ground 02/Ground pattern 02.mat using Guid(36508c771463abf43b7135d9539897e7) Importer(815301076,1909f56bfc062723c751e8b465ee728b)  -> (artifact id: '52ac7153dda3dac980261bfcc14045e5') in 0.069510 seconds 
  Import took 0.072520 seconds .

========================================================================
Received Import Request.
  Time since last request: 0.007543 seconds.
  path: Assets/Ground textures pack/Grass & dead leafs 01/preview.jpg
  artifactKey: Guid(9f425c22a471a47459e192cb7dafd4c5) Importer(815301076,1909f56bfc062723c751e8b465ee728b)
Start importing Assets/Ground textures pack/Grass & dead leafs 01/preview.jpg using Guid(9f425c22a471a47459e192cb7dafd4c5) Importer(815301076,1909f56bfc062723c751e8b465ee728b)  -> (artifact id: '158eddcd21aaa18718de5dcabf8013b3') in 0.009051 seconds 
  Import took 0.011744 seconds .

========================================================================
Received Import Request.
  Time since last request: 0.009241 seconds.
  path: Assets/Ground textures pack/Grass 01/Grass pattern 01.mat
  artifactKey: Guid(2c6f5ab601d22834883d3c7e18f8be41) Importer(815301076,1909f56bfc062723c751e8b465ee728b)
Start importing Assets/Ground textures pack/Grass 01/Grass pattern 01.mat using Guid(2c6f5ab601d22834883d3c7e18f8be41) Importer(815301076,1909f56bfc062723c751e8b465ee728b)  -> (artifact id: '6bfa841682d7c208a36f0383ba343fa6') in 0.014052 seconds 
  Import took 0.016761 seconds .

========================================================================
Received Import Request.
  Time since last request: 0.009433 seconds.
  path: Assets/Ground textures pack/Ground & rocks 02/normal.tga
  artifactKey: Guid(1ce8744130c8d5542bb1f6e380e35a7e) Importer(815301076,1909f56bfc062723c751e8b465ee728b)
Start importing Assets/Ground textures pack/Ground & rocks 02/normal.tga using Guid(1ce8744130c8d5542bb1f6e380e35a7e) Importer(815301076,1909f56bfc062723c751e8b465ee728b)  -> (artifact id: '4306367ac8559d68e0704c648dc77380') in 0.010173 seconds 
  Import took 0.012914 seconds .

========================================================================
Received Import Request.
  Time since last request: 0.028422 seconds.
  path: Assets/Ground textures pack/Ground & rocks 03/normal.tga
  artifactKey: Guid(cff344200e51614498e78e8f88d54273) Importer(815301076,1909f56bfc062723c751e8b465ee728b)
Start importing Assets/Ground textures pack/Ground & rocks 03/normal.tga using Guid(cff344200e51614498e78e8f88d54273) Importer(815301076,1909f56bfc062723c751e8b465ee728b)  -> (artifact id: '534e758f461451f0ea2e34b8ed7f2e57') in 0.011280 seconds 
  Import took 0.014111 seconds .

========================================================================
Received Import Request.
  Time since last request: 0.004898 seconds.
  path: Assets/mouseLook.cs
  artifactKey: Guid(6733d586c169742429ff99f90899c48d) Importer(815301076,1909f56bfc062723c751e8b465ee728b)
Start importing Assets/mouseLook.cs using Guid(6733d586c169742429ff99f90899c48d) Importer(815301076,1909f56bfc062723c751e8b465ee728b)  -> (artifact id: 'fed5edff303e0dbb6ec3f5787448ce98') in 0.034171 seconds 
  Import took 0.036949 seconds .

========================================================================
Received Import Request.
  Time since last request: 0.007602 seconds.
  path: Assets/Ground textures pack/Grass & dead leafs 01/normal.tga
  artifactKey: Guid(ae0e7acc3616ba441a70994eb662f6e3) Importer(815301076,1909f56bfc062723c751e8b465ee728b)
Start importing Assets/Ground textures pack/Grass & dead leafs 01/normal.tga using Guid(ae0e7acc3616ba441a70994eb662f6e3) Importer(815301076,1909f56bfc062723c751e8b465ee728b)  -> (artifact id: 'e72bbc49c0ca463259c09cedf3453130') in 0.009984 seconds 
  Import took 0.012850 seconds .

========================================================================
Received Import Request.
  Time since last request: 0.011194 seconds.
  path: Assets/Ground textures pack/Grass 03/preview.jpg
  artifactKey: Guid(9074a9b5ce95d5b4eb1a31e80b0a0a41) Importer(815301076,1909f56bfc062723c751e8b465ee728b)
Start importing Assets/Ground textures pack/Grass 03/preview.jpg using Guid(9074a9b5ce95d5b4eb1a31e80b0a0a41) Importer(815301076,1909f56bfc062723c751e8b465ee728b)  -> (artifact id: 'e0d1f653058625e1a3c7032f92244edf') in 0.009134 seconds 
  Import took 0.011949 seconds .

========================================================================
Received Import Request.
  Time since last request: 0.016836 seconds.
  path: Assets/Ground textures pack/Ground & rocks 02/Ground & rocks pattern 02.mat
  artifactKey: Guid(e7268e596932cb541834f57d320a4677) Importer(815301076,1909f56bfc062723c751e8b465ee728b)
Start importing Assets/Ground textures pack/Ground & rocks 02/Ground & rocks pattern 02.mat using Guid(e7268e596932cb541834f57d320a4677) Importer(815301076,1909f56bfc062723c751e8b465ee728b)  -> (artifact id: '2b17209f9c7151b46dd3d85dd3d4932c') in 0.012248 seconds 
  Import took 0.015053 seconds .

========================================================================
Received Import Request.
  Time since last request: 0.005140 seconds.
  path: Assets/Ground textures pack/Ground & rocks 03/Ground & rocks pattern 03.mat
  artifactKey: Guid(bce0cd8cdfffc2a41b798316325a24d2) Importer(815301076,1909f56bfc062723c751e8b465ee728b)
Start importing Assets/Ground textures pack/Ground & rocks 03/Ground & rocks pattern 03.mat using Guid(bce0cd8cdfffc2a41b798316325a24d2) Importer(815301076,1909f56bfc062723c751e8b465ee728b)  -> (artifact id: '8f14ba706e6a30f6f74379dad5953866') in 0.012927 seconds 
  Import took 0.015668 seconds .

========================================================================
Received Import Request.
  Time since last request: 0.003441 seconds.
  path: Assets/Scenes
  artifactKey: Guid(8839bf33a591a5b469f6ad0e14cea3ef) Importer(815301076,1909f56bfc062723c751e8b465ee728b)
Start importing Assets/Scenes using Guid(8839bf33a591a5b469f6ad0e14cea3ef) Importer(815301076,1909f56bfc062723c751e8b465ee728b)  -> (artifact id: '50ec95033b24c782c453782743edd647') in 0.004295 seconds 
  Import took 0.007057 seconds .

========================================================================
Received Import Request.
  Time since last request: 0.017468 seconds.
  path: Assets/Ground textures pack/Grass & dead leafs 01/Grass & dead leafs pattern 01.mat
  artifactKey: Guid(893960384de673345a82517892b28bc7) Importer(815301076,1909f56bfc062723c751e8b465ee728b)
Start importing Assets/Ground textures pack/Grass & dead leafs 01/Grass & dead leafs pattern 01.mat using Guid(893960384de673345a82517892b28bc7) Importer(815301076,1909f56bfc062723c751e8b465ee728b)  -> (artifact id: '4b8849282d3c22f8da8f1fe0678cc2a4') in 0.111054 seconds 
  Import took 0.113856 seconds .

========================================================================
Received Import Request.
  Time since last request: 0.005990 seconds.
  path: Assets/Ground textures pack/Ground 02/preview.jpg
  artifactKey: Guid(37779bd72b60e0d4395ece867eb81c63) Importer(815301076,1909f56bfc062723c751e8b465ee728b)
Start importing Assets/Ground textures pack/Ground 02/preview.jpg using Guid(37779bd72b60e0d4395ece867eb81c63) Importer(815301076,1909f56bfc062723c751e8b465ee728b)  -> (artifact id: '2cb3125c0a3f09662ffbbdfcf3395a00') in 0.007447 seconds 
  Import took 0.010247 seconds .

========================================================================
Received Import Request.
  Time since last request: 0.003261 seconds.
  path: Assets/Terrain
  artifactKey: Guid(67f7bcdc4717fa341a948f788e0a2e09) Importer(815301076,1909f56bfc062723c751e8b465ee728b)
Start importing Assets/Terrain using Guid(67f7bcdc4717fa341a948f788e0a2e09) Importer(815301076,1909f56bfc062723c751e8b465ee728b)  -> (artifact id: 'fd366c1439d0e0b6a0c9cf5dd60cc56f') in 0.004404 seconds 
  Import took 0.006703 seconds .

========================================================================
Received Import Request.
  Time since last request: 0.002760 seconds.
  path: Assets/Ground textures pack/Grass & rocks
  artifactKey: Guid(8759aa149f3fa9b45a5f051daa12dff1) Importer(815301076,1909f56bfc062723c751e8b465ee728b)
Start importing Assets/Ground textures pack/Grass & rocks using Guid(8759aa149f3fa9b45a5f051daa12dff1) Importer(815301076,1909f56bfc062723c751e8b465ee728b)  -> (artifact id: '0b7162f2f83e73d2c6f81e51943a4d1c') in 0.004095 seconds 
  Import took 0.006659 seconds .

========================================================================
Received Import Request.
  Time since last request: 0.010689 seconds.
  path: Assets/Ground textures pack/Ground 02/normal.tga
  artifactKey: Guid(bf5346a62bd7d0b43a30d8188cf4163e) Importer(815301076,1909f56bfc062723c751e8b465ee728b)
Start importing Assets/Ground textures pack/Ground 02/normal.tga using Guid(bf5346a62bd7d0b43a30d8188cf4163e) Importer(815301076,1909f56bfc062723c751e8b465ee728b)  -> (artifact id: '3db625f41c0cd3e7365fb17069985eac') in 0.008243 seconds 
  Import took 0.011083 seconds .

========================================================================
Received Import Request.
  Time since last request: 0.005462 seconds.
  path: Assets/Ground textures pack/Grass 03/Grass pattern 03.mat
  artifactKey: Guid(d86005a29439b7541ade84523818db1a) Importer(815301076,1909f56bfc062723c751e8b465ee728b)
Start importing Assets/Ground textures pack/Grass 03/Grass pattern 03.mat using Guid(d86005a29439b7541ade84523818db1a) Importer(815301076,1909f56bfc062723c751e8b465ee728b)  -> (artifact id: 'a812f5fe71db6b2dcfa7b537a7a9df36') in 0.014247 seconds 
  Import took 0.017027 seconds .

========================================================================
Received Import Request.
  Time since last request: 0.006395 seconds.
  path: Assets/Ground textures pack/Ground & moss/preview.jpg
  artifactKey: Guid(89b1108068912fd4e81b047cbe3a5182) Importer(815301076,1909f56bfc062723c751e8b465ee728b)
Start importing Assets/Ground textures pack/Ground & moss/preview.jpg using Guid(89b1108068912fd4e81b047cbe3a5182) Importer(815301076,1909f56bfc062723c751e8b465ee728b)  -> (artifact id: 'a9e03506f08cb661774392b2c7d70253') in 0.007613 seconds 
  Import took 0.010390 seconds .

========================================================================
Received Import Request.
  Time since last request: 0.009137 seconds.
  path: Assets/Ground textures pack/Ground & moss/Ground & moss pattern.mat
  artifactKey: Guid(5558b5711d37782468eeee5c2880e7d8) Importer(815301076,1909f56bfc062723c751e8b465ee728b)
Start importing Assets/Ground textures pack/Ground & moss/Ground & moss pattern.mat using Guid(5558b5711d37782468eeee5c2880e7d8) Importer(815301076,1909f56bfc062723c751e8b465ee728b)  -> (artifact id: 'e3cf06ab4066fcb6b0da87cd31b59a84') in 0.014438 seconds 
  Import took 0.017240 seconds .

========================================================================
Received Import Request.
  Time since last request: 0.003395 seconds.
  path: Assets/Ground textures pack/Ground & moss
  artifactKey: Guid(e78592fd0b6374d41bab34233ba29de2) Importer(815301076,1909f56bfc062723c751e8b465ee728b)
Start importing Assets/Ground textures pack/Ground & moss using Guid(e78592fd0b6374d41bab34233ba29de2) Importer(815301076,1909f56bfc062723c751e8b465ee728b)  -> (artifact id: '5df0a6fe99aafaccb20a5b783aba7bfe') in 0.004183 seconds 
  Import took 0.006890 seconds .

========================================================================
Received Import Request.
  Time since last request: 0.021948 seconds.
  path: Assets/Ground textures pack/Grass 01/normal.tga
  artifactKey: Guid(0c3232df383d7984ab0e87bf7c42aadb) Importer(815301076,1909f56bfc062723c751e8b465ee728b)
Start importing Assets/Ground textures pack/Grass 01/normal.tga using Guid(0c3232df383d7984ab0e87bf7c42aadb) Importer(815301076,1909f56bfc062723c751e8b465ee728b)  -> (artifact id: 'de0bac85b8dc4adf6f8d14b008304041') in 0.010584 seconds 
  Import took 0.013369 seconds .

========================================================================
Received Import Request.
  Time since last request: 0.004934 seconds.
  path: Assets/Ground textures pack/Lava/Lava pattern.mat
  artifactKey: Guid(42e26e838cb21e944aa7de2aae4edefc) Importer(815301076,1909f56bfc062723c751e8b465ee728b)
Start importing Assets/Ground textures pack/Lava/Lava pattern.mat using Guid(42e26e838cb21e944aa7de2aae4edefc) Importer(815301076,1909f56bfc062723c751e8b465ee728b)  -> (artifact id: '89543e9ecebeb91934069ba26c2ba067') in 0.109406 seconds 
  Import took 0.112194 seconds .

========================================================================
Received Import Request.
  Time since last request: 0.014397 seconds.
  path: Assets/Ground textures pack/Grass 05/Grass pattern 05.mat
  artifactKey: Guid(49c3c02661a83fd42b33859cfbf9a17d) Importer(815301076,1909f56bfc062723c751e8b465ee728b)
Start importing Assets/Ground textures pack/Grass 05/Grass pattern 05.mat using Guid(49c3c02661a83fd42b33859cfbf9a17d) Importer(815301076,1909f56bfc062723c751e8b465ee728b)  -> (artifact id: '9c6b7322f724febb8a3c52ae256d5578') in 0.011980 seconds 
  Import took 0.014800 seconds .

========================================================================
Received Import Request.
  Time since last request: 0.003419 seconds.
  path: Assets/Ground textures pack/Dry ground
  artifactKey: Guid(36577027cf2fbb04b841e6afcc5a9ca9) Importer(815301076,1909f56bfc062723c751e8b465ee728b)
Start importing Assets/Ground textures pack/Dry ground using Guid(36577027cf2fbb04b841e6afcc5a9ca9) Importer(815301076,1909f56bfc062723c751e8b465ee728b)  -> (artifact id: '485bb5146dbbd74ef0863199238e0869') in 0.004393 seconds 
  Import took 0.007071 seconds .

========================================================================
Received Import Request.
  Time since last request: 0.011566 seconds.
  path: Assets/Terrain/Terrain_0_0_05af8ef2-7928-40b6-8318-b69d65a8fdab.asset
  artifactKey: Guid(87a9e83b09a3b404ea8b38ab451022f7) Importer(815301076,1909f56bfc062723c751e8b465ee728b)
Start importing Assets/Terrain/Terrain_0_0_05af8ef2-7928-40b6-8318-b69d65a8fdab.asset using Guid(87a9e83b09a3b404ea8b38ab451022f7) Importer(815301076,1909f56bfc062723c751e8b465ee728b)  -> (artifact id: '6b25c36062399a6cfc4c9ae3191d95e9') in 0.010567 seconds 
  Import took 0.013391 seconds .

========================================================================
Received Import Request.
  Time since last request: 0.002928 seconds.
  path: Assets/Ground textures pack/Grass 06
  artifactKey: Guid(2ba7720887d8b284eb97fa1c8698e552) Importer(815301076,1909f56bfc062723c751e8b465ee728b)
Start importing Assets/Ground textures pack/Grass 06 using Guid(2ba7720887d8b284eb97fa1c8698e552) Importer(815301076,1909f56bfc062723c751e8b465ee728b)  -> (artifact id: 'f90f53f8796625b8c19346c0f0d6042d') in 0.004161 seconds 
  Import took 0.006856 seconds .

========================================================================
Received Import Request.
  Time since last request: 0.004450 seconds.
  path: Assets/PlayerMovement.cs
  artifactKey: Guid(6fbec3719f3ae514a9b88f8ba4a4e927) Importer(815301076,1909f56bfc062723c751e8b465ee728b)
Start importing Assets/PlayerMovement.cs using Guid(6fbec3719f3ae514a9b88f8ba4a4e927) Importer(815301076,1909f56bfc062723c751e8b465ee728b)  -> (artifact id: '211d8167f883b35e5c6b423bbf36aa02') in 0.004441 seconds 
  Import took 0.006998 seconds .

========================================================================
Received Import Request.
  Time since last request: 0.004712 seconds.
  path: Assets/Ground textures pack/Grass & dead leafs 02/Grass & dead leafs pattern 02.mat
  artifactKey: Guid(020b997e4fa23c74297e208cd649319c) Importer(815301076,1909f56bfc062723c751e8b465ee728b)
Start importing Assets/Ground textures pack/Grass & dead leafs 02/Grass & dead leafs pattern 02.mat using Guid(020b997e4fa23c74297e208cd649319c) Importer(815301076,1909f56bfc062723c751e8b465ee728b)  -> (artifact id: '97931d942ae73df67d5d8b2d5268ee84') in 0.013058 seconds 
  Import took 0.015672 seconds .

========================================================================
Received Import Request.
  Time since last request: 0.030094 seconds.
  path: Assets/Ground textures pack/Ground & rocks 01
  artifactKey: Guid(8cc6cafe9450f3840aa56d7b694132ce) Importer(815301076,1909f56bfc062723c751e8b465ee728b)
Start importing Assets/Ground textures pack/Ground & rocks 01 using Guid(8cc6cafe9450f3840aa56d7b694132ce) Importer(815301076,1909f56bfc062723c751e8b465ee728b)  -> (artifact id: 'f210eaa48ed86fc9f41e18014e89dbcd') in 0.004419 seconds 
  Import took 0.007041 seconds .

========================================================================
Received Import Request.
  Time since last request: 0.019328 seconds.
  path: Assets/Ground textures pack/Grass 04/preview.jpg
  artifactKey: Guid(023e18c83e08fe848a850693dc1cf60a) Importer(815301076,1909f56bfc062723c751e8b465ee728b)
Start importing Assets/Ground textures pack/Grass 04/preview.jpg using Guid(023e18c83e08fe848a850693dc1cf60a) Importer(815301076,1909f56bfc062723c751e8b465ee728b)  -> (artifact id: 'dacd3e5985579a6f6ec0df08b09a0576') in 0.007985 seconds 
  Import took 0.010863 seconds .

========================================================================
Received Import Request.
  Time since last request: 0.016160 seconds.
  path: Assets/Ground textures pack/Grass 04
  artifactKey: Guid(901331f41c3316d41a7e21292c573557) Importer(815301076,1909f56bfc062723c751e8b465ee728b)
Start importing Assets/Ground textures pack/Grass 04 using Guid(901331f41c3316d41a7e21292c573557) Importer(815301076,1909f56bfc062723c751e8b465ee728b)  -> (artifact id: 'd6a41194a2b0cdc23496d56700010d67') in 0.004022 seconds 
  Import took 0.006537 seconds .

========================================================================
Received Import Request.
  Time since last request: 0.005063 seconds.
  path: Assets/Ground textures pack/Grass 02/Grass pattern 02.mat
  artifactKey: Guid(15654a743eccf384fb2312048db767f0) Importer(815301076,1909f56bfc062723c751e8b465ee728b)
Start importing Assets/Ground textures pack/Grass 02/Grass pattern 02.mat using Guid(15654a743eccf384fb2312048db767f0) Importer(815301076,1909f56bfc062723c751e8b465ee728b)  -> (artifact id: '4ff46d31267cd8ecb8a0f2fe45175193') in 0.013461 seconds 
  Import took 0.016275 seconds .

========================================================================
Received Import Request.
  Time since last request: 0.008045 seconds.
  path: Assets/Ground textures pack/Grass 04/normal.tga
  artifactKey: Guid(764d3e4236eef804e831508161d4411f) Importer(815301076,1909f56bfc062723c751e8b465ee728b)
Start importing Assets/Ground textures pack/Grass 04/normal.tga using Guid(764d3e4236eef804e831508161d4411f) Importer(815301076,1909f56bfc062723c751e8b465ee728b)  -> (artifact id: '879a90c93f2c539ff9478be639fd2d63') in 0.009962 seconds 
  Import took 0.012889 seconds .

========================================================================
Received Import Request.
  Time since last request: 0.017460 seconds.
  path: Assets/Ground textures pack/Ground & rocks 01/Ground & rocks pattern 01.mat
  artifactKey: Guid(224de5a1c3ba5f948af30bd7826e4666) Importer(815301076,1909f56bfc062723c751e8b465ee728b)
Start importing Assets/Ground textures pack/Ground & rocks 01/Ground & rocks pattern 01.mat using Guid(224de5a1c3ba5f948af30bd7826e4666) Importer(815301076,1909f56bfc062723c751e8b465ee728b)  -> (artifact id: '6e1921354af2e6a466e39b2f42da2ca1') in 0.012619 seconds 
  Import took 0.015419 seconds .

========================================================================
Received Import Request.
  Time since last request: 0.003551 seconds.
  path: Assets/Ground textures pack/Ground & rocks 03
  artifactKey: Guid(e953756da0474d84980174a842412378) Importer(815301076,1909f56bfc062723c751e8b465ee728b)
Start importing Assets/Ground textures pack/Ground & rocks 03 using Guid(e953756da0474d84980174a842412378) Importer(815301076,1909f56bfc062723c751e8b465ee728b)  -> (artifact id: '38b2d7aa9f96029ac14df072dfe0bf1a') in 0.004106 seconds 
  Import took 0.006859 seconds .

========================================================================
Received Import Request.
  Time since last request: 0.003018 seconds.
  path: Assets/Ground textures pack/Grass & dead leafs 02
  artifactKey: Guid(04c153db55c5f6d43830b49d4a16e899) Importer(815301076,1909f56bfc062723c751e8b465ee728b)
Start importing Assets/Ground textures pack/Grass & dead leafs 02 using Guid(04c153db55c5f6d43830b49d4a16e899) Importer(815301076,1909f56bfc062723c751e8b465ee728b)  -> (artifact id: 'd755cd2016d51ee69ffe630904b84ffc') in 0.004044 seconds 
  Import took 0.006346 seconds .

========================================================================
Received Import Request.
  Time since last request: 0.017728 seconds.
  path: Assets/Ground textures pack/Ground & rocks 03/preview.jpg
  artifactKey: Guid(451182d55aea8cb4e90af164a14e8bee) Importer(815301076,1909f56bfc062723c751e8b465ee728b)
Start importing Assets/Ground textures pack/Ground & rocks 03/preview.jpg using Guid(451182d55aea8cb4e90af164a14e8bee) Importer(815301076,1909f56bfc062723c751e8b465ee728b)  -> (artifact id: 'eaf39160b0178b6e88d8abbfa24c3fe7') in 0.007977 seconds 
  Import took 0.010765 seconds .

========================================================================
Received Import Request.
  Time since last request: 0.006057 seconds.
  path: Assets/Ground textures pack/Lava/preview.jpg
  artifactKey: Guid(70e8908fa6e673249ad9ff9cb1f1e13b) Importer(815301076,1909f56bfc062723c751e8b465ee728b)
Start importing Assets/Ground textures pack/Lava/preview.jpg using Guid(70e8908fa6e673249ad9ff9cb1f1e13b) Importer(815301076,1909f56bfc062723c751e8b465ee728b)  -> (artifact id: 'b49d600457de101b893a30afd2f2c8d7') in 0.007156 seconds 
  Import took 0.009985 seconds .

========================================================================
Received Import Request.
  Time since last request: 0.006780 seconds.
  path: Assets/Ground textures pack/Grass 05/preview.jpg
  artifactKey: Guid(3f700d4069d83574ea6db821b3f8c561) Importer(815301076,1909f56bfc062723c751e8b465ee728b)
Start importing Assets/Ground textures pack/Grass 05/preview.jpg using Guid(3f700d4069d83574ea6db821b3f8c561) Importer(815301076,1909f56bfc062723c751e8b465ee728b)  -> (artifact id: 'ba3cbc63331f3cca162962c6eba7c52e') in 0.007900 seconds 
  Import took 0.010672 seconds .

========================================================================
Received Import Request.
  Time since last request: 0.012729 seconds.
  path: Assets/Ground textures pack/Grass 04/Grass pattern 04.mat
  artifactKey: Guid(059cceb0ba6e50741bfe6ec2c755d5f4) Importer(815301076,1909f56bfc062723c751e8b465ee728b)
Start importing Assets/Ground textures pack/Grass 04/Grass pattern 04.mat using Guid(059cceb0ba6e50741bfe6ec2c755d5f4) Importer(815301076,1909f56bfc062723c751e8b465ee728b)  -> (artifact id: '9a5a69dc4d1f78ae2c47207c429ab602') in 0.011568 seconds 
  Import took 0.014356 seconds .

========================================================================
Received Import Request.
  Time since last request: 0.008438 seconds.
  path: Assets/Ground textures pack/Grass 05
  artifactKey: Guid(5f60f6127bda2904c895da96a51a4bb3) Importer(815301076,1909f56bfc062723c751e8b465ee728b)
Start importing Assets/Ground textures pack/Grass 05 using Guid(5f60f6127bda2904c895da96a51a4bb3) Importer(815301076,1909f56bfc062723c751e8b465ee728b)  -> (artifact id: '98269124e39e16acfedf16d4a003844e') in 0.004200 seconds 
  Import took 0.006907 seconds .

========================================================================
Received Import Request.
  Time since last request: 0.002886 seconds.
  path: Assets/Ground textures pack/Grass 01
  artifactKey: Guid(76e1d271ac8b8df42b4dc93540f9feeb) Importer(815301076,1909f56bfc062723c751e8b465ee728b)
Start importing Assets/Ground textures pack/Grass 01 using Guid(76e1d271ac8b8df42b4dc93540f9feeb) Importer(815301076,1909f56bfc062723c751e8b465ee728b)  -> (artifact id: '71443f8fc982738626d58b82a60f5686') in 0.004010 seconds 
  Import took 0.006656 seconds .

========================================================================
Received Import Request.
  Time since last request: 0.019054 seconds.
  path: Assets/Ground textures pack/Ground & rocks 01/preview.jpg
  artifactKey: Guid(e09d437bd6053754dbacb0da105aa9cb) Importer(815301076,1909f56bfc062723c751e8b465ee728b)
Start importing Assets/Ground textures pack/Ground & rocks 01/preview.jpg using Guid(e09d437bd6053754dbacb0da105aa9cb) Importer(815301076,1909f56bfc062723c751e8b465ee728b)  -> (artifact id: 'c64cc0de77cdfa490b1f93095e1cc5a4') in 0.007447 seconds 
  Import took 0.010138 seconds .

========================================================================
Received Import Request.
  Time since last request: 0.004962 seconds.
  path: Assets/Scenes/SampleScene.unity
  artifactKey: Guid(9fc0d4010bbf28b4594072e72b8655ab) Importer(815301076,1909f56bfc062723c751e8b465ee728b)
Start importing Assets/Scenes/SampleScene.unity using Guid(9fc0d4010bbf28b4594072e72b8655ab) Importer(815301076,1909f56bfc062723c751e8b465ee728b)  -> (artifact id: 'f268e8e736a8d92c5c63b4e78ebecc9c') in 0.004549 seconds 
  Import took 0.007201 seconds .

========================================================================
Received Import Request.
  Time since last request: 0.007749 seconds.
  path: Assets/Ground textures pack/Grass & dead leafs 02/normal.tga
  artifactKey: Guid(0c64d261e58031345b9844438ceb0af9) Importer(815301076,1909f56bfc062723c751e8b465ee728b)
Start importing Assets/Ground textures pack/Grass & dead leafs 02/normal.tga using Guid(0c64d261e58031345b9844438ceb0af9) Importer(815301076,1909f56bfc062723c751e8b465ee728b)  -> (artifact id: 'b747bb58eea5a158472ffe4e247c9ece') in 0.009514 seconds 
  Import took 0.012344 seconds .

========================================================================
Received Import Request.
  Time since last request: 0.003364 seconds.
  path: Assets/Ground textures pack/Grass 02
  artifactKey: Guid(a6485319f8b22dc4eb1762235b1ba3d5) Importer(815301076,1909f56bfc062723c751e8b465ee728b)
Start importing Assets/Ground textures pack/Grass 02 using Guid(a6485319f8b22dc4eb1762235b1ba3d5) Importer(815301076,1909f56bfc062723c751e8b465ee728b)  -> (artifact id: 'bf2df5c7cde8d81b053d4c5f78d21612') in 0.004433 seconds 
  Import took 0.007176 seconds .

========================================================================
Received Import Request.
  Time since last request: 0.016005 seconds.
  path: Assets/Ground textures pack/Grass & dead leafs 01
  artifactKey: Guid(4eb34cd1968f942438da1e15b95fce93) Importer(815301076,1909f56bfc062723c751e8b465ee728b)
Start importing Assets/Ground textures pack/Grass & dead leafs 01 using Guid(4eb34cd1968f942438da1e15b95fce93) Importer(815301076,1909f56bfc062723c751e8b465ee728b)  -> (artifact id: '1572d5f5bf3f6bf087bd90a3cfcbde7b') in 0.004180 seconds 
  Import took 0.006661 seconds .

========================================================================
Received Import Request.
  Time since last request: 0.026178 seconds.
  path: Assets/Ground textures pack/Ground 02
  artifactKey: Guid(7b67af075687ace449d69602ddd8c490) Importer(815301076,1909f56bfc062723c751e8b465ee728b)
Start importing Assets/Ground textures pack/Ground 02 using Guid(7b67af075687ace449d69602ddd8c490) Importer(815301076,1909f56bfc062723c751e8b465ee728b)  -> (artifact id: 'a27c768d73f09f90d0fea31edae791e4') in 0.004129 seconds 
  Import took 0.006852 seconds .

========================================================================
Received Import Request.
  Time since last request: 0.005752 seconds.
  path: Assets/Ground textures pack/Grass 02/preview.jpg
  artifactKey: Guid(c3f3938c7c9e3d746a4d01269c0e3bbe) Importer(815301076,1909f56bfc062723c751e8b465ee728b)
Start importing Assets/Ground textures pack/Grass 02/preview.jpg using Guid(c3f3938c7c9e3d746a4d01269c0e3bbe) Importer(815301076,1909f56bfc062723c751e8b465ee728b)  -> (artifact id: 'f25bf14e9532a7b9d3266324e60d47cc') in 0.007363 seconds 
  Import took 0.010051 seconds .

========================================================================
Received Import Request.
  Time since last request: 0.006829 seconds.
  path: Assets/Ground textures pack/Ground 01/preview.jpg
  artifactKey: Guid(4e395003c6632ab4a8ad3a08d72ccb21) Importer(815301076,1909f56bfc062723c751e8b465ee728b)
Start importing Assets/Ground textures pack/Ground 01/preview.jpg using Guid(4e395003c6632ab4a8ad3a08d72ccb21) Importer(815301076,1909f56bfc062723c751e8b465ee728b)  -> (artifact id: '8aa11d6401fa06c9a68df2a2ea35f46b') in 0.007363 seconds 
  Import took 0.010067 seconds .

========================================================================
Received Import Request.
  Time since last request: 0.005592 seconds.
  path: Assets/Ground textures pack/Grass 06/Grass pattern 06.mat
  artifactKey: Guid(9dccf2dcc78efe741b7931e3bb85beaf) Importer(815301076,1909f56bfc062723c751e8b465ee728b)
Start importing Assets/Ground textures pack/Grass 06/Grass pattern 06.mat using Guid(9dccf2dcc78efe741b7931e3bb85beaf) Importer(815301076,1909f56bfc062723c751e8b465ee728b)  -> (artifact id: '4ff40c47199a2db52af85144b1490edc') in 0.013208 seconds 
  Import took 0.016212 seconds .

========================================================================
Received Import Request.
  Time since last request: 0.019593 seconds.
  path: Assets/Ground textures pack/Ground 01/normal.tga
  artifactKey: Guid(f49b46ff67c24a84ba0cdb7301ab7337) Importer(815301076,1909f56bfc062723c751e8b465ee728b)
Start importing Assets/Ground textures pack/Ground 01/normal.tga using Guid(f49b46ff67c24a84ba0cdb7301ab7337) Importer(815301076,1909f56bfc062723c751e8b465ee728b)  -> (artifact id: '45e649cfc5715b2ff3bca8c8e8461a4f') in 0.011208 seconds 
  Import took 0.014083 seconds .

========================================================================
Received Import Request.
  Time since last request: 0.006129 seconds.
  path: Assets/Ground textures pack/Grass 06/preview.jpg
  artifactKey: Guid(923d402301de9714eb824d8234c30919) Importer(815301076,1909f56bfc062723c751e8b465ee728b)
Start importing Assets/Ground textures pack/Grass 06/preview.jpg using Guid(923d402301de9714eb824d8234c30919) Importer(815301076,1909f56bfc062723c751e8b465ee728b)  -> (artifact id: '27177cde9fae28b4c68371c176c248d5') in 0.007723 seconds 
  Import took 0.010526 seconds .

========================================================================
Received Import Request.
  Time since last request: 0.012735 seconds.
  path: Assets/Ground textures pack/Lava
  artifactKey: Guid(48fc947c51c40144286c17c4dd013e4f) Importer(815301076,1909f56bfc062723c751e8b465ee728b)
Start importing Assets/Ground textures pack/Lava using Guid(48fc947c51c40144286c17c4dd013e4f) Importer(815301076,1909f56bfc062723c751e8b465ee728b)  -> (artifact id: '531033d532172558daf650cb1d467da8') in 0.004097 seconds 
  Import took 0.006864 seconds .

========================================================================
Received Import Request.
  Time since last request: 0.017796 seconds.
  path: Assets/Ground textures pack/Grass & dead leafs 02/preview.jpg
  artifactKey: Guid(a9151bfe4152f2748846a0fa52b216be) Importer(815301076,1909f56bfc062723c751e8b465ee728b)
Start importing Assets/Ground textures pack/Grass & dead leafs 02/preview.jpg using Guid(a9151bfe4152f2748846a0fa52b216be) Importer(815301076,1909f56bfc062723c751e8b465ee728b)  -> (artifact id: '29f59be3f2eac46e28ed0fe355f4f7b6') in 0.007688 seconds 
  Import took 0.010464 seconds .

========================================================================
Received Import Request.
  Time since last request: 0.015281 seconds.
  path: Assets/Ground textures pack
  artifactKey: Guid(a10cf51bee7f991498fae58c8c345378) Importer(815301076,1909f56bfc062723c751e8b465ee728b)
Start importing Assets/Ground textures pack using Guid(a10cf51bee7f991498fae58c8c345378) Importer(815301076,1909f56bfc062723c751e8b465ee728b)  -> (artifact id: '68c4b7672fc4fe4415f7299c671fe57e') in 0.004168 seconds 
  Import took 0.006927 seconds .

========================================================================
Received Import Request.
  Time since last request: 0.006027 seconds.
  path: Assets/Ground textures pack/Grass & rocks/preview.jpg
  artifactKey: Guid(8d88ad474360045458b4fb808dbb4ac9) Importer(815301076,1909f56bfc062723c751e8b465ee728b)
Start importing Assets/Ground textures pack/Grass & rocks/preview.jpg using Guid(8d88ad474360045458b4fb808dbb4ac9) Importer(815301076,1909f56bfc062723c751e8b465ee728b)  -> (artifact id: '719406cc1551f5cea73b2d51a56d5e96') in 0.007414 seconds 
  Import took 0.010143 seconds .

========================================================================
Received Import Request.
  Time since last request: 0.037962 seconds.
  path: Assets/Ground textures pack/Grass 05/normal.tga
  artifactKey: Guid(f0ec40764219f3f4787df1c70bacf45b) Importer(815301076,1909f56bfc062723c751e8b465ee728b)
Start importing Assets/Ground textures pack/Grass 05/normal.tga using Guid(f0ec40764219f3f4787df1c70bacf45b) Importer(815301076,1909f56bfc062723c751e8b465ee728b)  -> (artifact id: '799e55890f88b70cd5034a7e77adafc2') in 0.008429 seconds 
  Import took 0.011340 seconds .

========================================================================
Received Import Request.
  Time since last request: 0.023387 seconds.
  path: Assets/Ground textures pack/Ground & moss/normal.tga
  artifactKey: Guid(a5c98dee3744c1944a469568d41d8eb4) Importer(815301076,1909f56bfc062723c751e8b465ee728b)
Start importing Assets/Ground textures pack/Ground & moss/normal.tga using Guid(a5c98dee3744c1944a469568d41d8eb4) Importer(815301076,1909f56bfc062723c751e8b465ee728b)  -> (artifact id: '048e9c7871a7e9f35380c9d35ea33272') in 0.009971 seconds 
  Import took 0.012851 seconds .

========================================================================
Received Import Request.
  Time since last request: 0.003356 seconds.
  path: Assets/Ground textures pack/Ground & rocks 02
  artifactKey: Guid(2f7d3efb03635e64eb7ccda9597fc66f) Importer(815301076,1909f56bfc062723c751e8b465ee728b)
Start importing Assets/Ground textures pack/Ground & rocks 02 using Guid(2f7d3efb03635e64eb7ccda9597fc66f) Importer(815301076,1909f56bfc062723c751e8b465ee728b)  -> (artifact id: 'd35890510fab1002a48e7439fdb5cf54') in 0.004072 seconds 
  Import took 0.006781 seconds .

========================================================================
Received Import Request.
  Time since last request: 0.003098 seconds.
  path: Assets/Ground textures pack/Grass 03
  artifactKey: Guid(e2cfc943093bdf145b856d740a01de7a) Importer(815301076,1909f56bfc062723c751e8b465ee728b)
Start importing Assets/Ground textures pack/Grass 03 using Guid(e2cfc943093bdf145b856d740a01de7a) Importer(815301076,1909f56bfc062723c751e8b465ee728b)  -> (artifact id: 'e9ab27b40522a59bfba8454378971395') in 0.004135 seconds 
  Import took 0.006734 seconds .

========================================================================
Received Import Request.
  Time since last request: 0.002730 seconds.
  path: Assets/Ground textures pack/Ground 01
  artifactKey: Guid(1530bbc3f774d8643933737e11f6dd64) Importer(815301076,1909f56bfc062723c751e8b465ee728b)
Start importing Assets/Ground textures pack/Ground 01 using Guid(1530bbc3f774d8643933737e11f6dd64) Importer(815301076,1909f56bfc062723c751e8b465ee728b)  -> (artifact id: '3d98ab8bdf5214d5b14c12b8b7df283c') in 0.004555 seconds 
  Import took 0.007060 seconds .

========================================================================
Received Import Request.
  Time since last request: 0.008670 seconds.
  path: Assets/Ground textures pack/Grass 02/normal.tga
  artifactKey: Guid(3449a2e698a0deb44a70dec747a3f8e9) Importer(815301076,1909f56bfc062723c751e8b465ee728b)
Start importing Assets/Ground textures pack/Grass 02/normal.tga using Guid(3449a2e698a0deb44a70dec747a3f8e9) Importer(815301076,1909f56bfc062723c751e8b465ee728b)  -> (artifact id: '3b35c9cd5d91dd8fee5114e4eaa3bf5b') in 0.009407 seconds 
  Import took 0.012207 seconds .

========================================================================
Received Import Request.
  Time since last request: 0.003255 seconds.
  path: Assets/Ground textures pack/Ground & weeds
  artifactKey: Guid(b9b76635394970048a522fde8b2f7d0a) Importer(815301076,1909f56bfc062723c751e8b465ee728b)
Start importing Assets/Ground textures pack/Ground & weeds using Guid(b9b76635394970048a522fde8b2f7d0a) Importer(815301076,1909f56bfc062723c751e8b465ee728b)  -> (artifact id: '6a4bdace5dd661b7395d196464b25c86') in 0.005097 seconds 
  Import took 0.007741 seconds .

========================================================================
Received Import Request.
  Time since last request: 0.004126 seconds.
  path: Assets/Ground textures pack/Grass & rocks/Grass & rocks pattern.mat
  artifactKey: Guid(fedc75da63b32e249bccd7450cd29351) Importer(815301076,1909f56bfc062723c751e8b465ee728b)
Start importing Assets/Ground textures pack/Grass & rocks/Grass & rocks pattern.mat using Guid(fedc75da63b32e249bccd7450cd29351) Importer(815301076,1909f56bfc062723c751e8b465ee728b)  -> (artifact id: '110d0f12599851ad653682d0b36db2c3') in 0.011738 seconds 
  Import took 0.014433 seconds .

========================================================================
Received Import Request.
  Time since last request: 0.009073 seconds.
  path: Assets/Ground textures pack/Grass 03/normal.tga
  artifactKey: Guid(9cb8a98194aa15642b2ceaa3011ccde3) Importer(815301076,1909f56bfc062723c751e8b465ee728b)
Start importing Assets/Ground textures pack/Grass 03/normal.tga using Guid(9cb8a98194aa15642b2ceaa3011ccde3) Importer(815301076,1909f56bfc062723c751e8b465ee728b)  -> (artifact id: '3db3bb425a9c84a17c257bd0a1f85652') in 0.008596 seconds 
  Import took 0.011427 seconds .

========================================================================
Received Import Request.
  Time since last request: 0.028456 seconds.
  path: Assets/Ground textures pack/Ground 01/Ground pattern 01.mat
  artifactKey: Guid(748487d582b00d847bd57517f78d8e8f) Importer(815301076,1909f56bfc062723c751e8b465ee728b)
Start importing Assets/Ground textures pack/Ground 01/Ground pattern 01.mat using Guid(748487d582b00d847bd57517f78d8e8f) Importer(815301076,1909f56bfc062723c751e8b465ee728b)  -> (artifact id: '086f40d5686fd62dbdd9e41ac1bb7209') in 0.011855 seconds 
  Import took 0.014689 seconds .

========================================================================
Received Import Request.
  Time since last request: 0.009101 seconds.
  path: Assets/Ground textures pack/Grass 06/normal.tga
  artifactKey: Guid(d06c19850ee13bf4086860fd02cf417d) Importer(815301076,1909f56bfc062723c751e8b465ee728b)
Start importing Assets/Ground textures pack/Grass 06/normal.tga using Guid(d06c19850ee13bf4086860fd02cf417d) Importer(815301076,1909f56bfc062723c751e8b465ee728b)  -> (artifact id: '99e661f3f401ca5da0912caa0cadb958') in 0.008994 seconds 
  Import took 0.011787 seconds .

========================================================================
Received Import Request.
  Time since last request: 0.018061 seconds.
  path: Assets/Ground textures pack/Ground & rocks 02/preview.jpg
  artifactKey: Guid(54092c753f93b1c42b7b1cd5f3333f93) Importer(815301076,1909f56bfc062723c751e8b465ee728b)
Start importing Assets/Ground textures pack/Ground & rocks 02/preview.jpg using Guid(54092c753f93b1c42b7b1cd5f3333f93) Importer(815301076,1909f56bfc062723c751e8b465ee728b)  -> (artifact id: '91076d30a57509b059ca6d6fce03d46a') in 0.007345 seconds 
  Import took 0.010183 seconds .

